[2025-06-16 09:00:57] 错误: 创建用户 136141 失败 - Authentication failed, see inner exception.
[2025-06-16 09:00:57] 错误: 创建用户 134654 失败 - Authentication failed, see inner exception.
[2025-06-16 09:00:57] 错误: 创建用户 134672 失败 - Authentication failed, see inner exception.
[2025-06-16 09:00:57] 错误: 创建用户 114279 失败 - Authentication failed, see inner exception.
[2025-06-16 09:00:58] 错误: 创建用户 134582 失败 - Authentication failed, see inner exception.
[2025-06-16 09:00:58] 错误: 创建用户 133567 失败 - Authentication failed, see inner exception.
[2025-06-16 09:00:58] 错误: 创建用户 A01767 失败 - Authentication failed, see inner exception.
[2025-06-16 09:00:58] 错误: 创建用户 125481 失败 - Authentication failed, see inner exception.
[2025-06-16 09:00:58] 错误: 创建用户 JD190454 失败 - Authentication failed, see inner exception.
[2025-06-16 09:00:58] 错误: 创建用户 A01362 失败 - Authentication failed, see inner exception.
[2025-06-16 09:00:58] 错误: 创建用户 A02043 失败 - Authentication failed, see inner exception.
[2025-06-16 09:00:58] 错误: 创建用户 133034 失败 - Authentication failed, see inner exception.
[2025-06-16 09:00:58] 错误: 创建用户 136067 失败 - Authentication failed, see inner exception.
[2025-06-16 09:00:59] 错误: 创建用户 130279 失败 - Authentication failed, see inner exception.
[2025-06-16 09:00:59] 错误: 创建用户 113591 失败 - Authentication failed, see inner exception.
[2025-06-16 09:00:59] 错误: 创建用户 112896 失败 - Authentication failed, see inner exception.
[2025-06-16 09:00:59] 错误: 创建用户 116823 失败 - Authentication failed, see inner exception.
[2025-06-16 09:00:59] 错误: 创建用户 111764 失败 - Authentication failed, see inner exception.
[2025-06-16 09:00:59] 错误: 创建用户 A01151 失败 - Authentication failed, see inner exception.
[2025-06-16 09:00:59] 错误: 创建用户 135430 失败 - Authentication failed, see inner exception.
[2025-06-16 09:00:59] 错误: 创建用户 112318 失败 - Authentication failed, see inner exception.
[2025-06-16 09:00:59] 错误: 创建用户 132748 失败 - Authentication failed, see inner exception.
[2025-06-16 09:00:59] 错误: 创建用户 135711 失败 - Authentication failed, see inner exception.
[2025-06-16 09:00:59] 错误: 创建用户 132495 失败 - Authentication failed, see inner exception.
[2025-06-16 09:00:59] 错误: 创建用户 A00820 失败 - Authentication failed, see inner exception.
[2025-06-16 09:00:59] 错误: 创建用户 A01242 失败 - Authentication failed, see inner exception.
[2025-06-16 09:00:59] 错误: 创建用户 131065 失败 - Authentication failed, see inner exception.
[2025-06-16 09:00:59] 错误: 创建用户 A00914 失败 - Authentication failed, see inner exception.
[2025-06-16 09:00:59] 错误: 创建用户 111869 失败 - Authentication failed, see inner exception.
[2025-06-16 09:00:59] 错误: 创建用户 132903 失败 - Authentication failed, see inner exception.
[2025-06-16 09:00:59] 错误: 创建用户 134086 失败 - Authentication failed, see inner exception.
[2025-06-16 09:00:59] 错误: 创建用户 134326 失败 - Authentication failed, see inner exception.
[2025-06-16 09:00:59] 错误: 创建用户 A04337 失败 - Authentication failed, see inner exception.
[2025-06-16 09:00:59] 错误: 创建用户 A00118 失败 - Authentication failed, see inner exception.
[2025-06-16 09:00:59] 错误: 创建用户 A02937 失败 - Authentication failed, see inner exception.
[2025-06-16 09:00:59] 错误: 创建用户 A02452 失败 - Authentication failed, see inner exception.
[2025-06-16 09:00:59] 错误: 创建用户 112190 失败 - Authentication failed, see inner exception.
[2025-06-16 09:00:59] 错误: 创建用户 136089 失败 - Authentication failed, see inner exception.
[2025-06-16 09:00:59] 错误: 创建用户 A08121 失败 - Authentication failed, see inner exception.
[2025-06-16 09:00:59] 错误: 创建用户 135818 失败 - Authentication failed, see inner exception.
[2025-06-16 09:00:59] 错误: 创建用户 113494 失败 - Authentication failed, see inner exception.
[2025-06-16 09:00:59] 错误: 创建用户 133184 失败 - Authentication failed, see inner exception.
[2025-06-16 09:00:59] 错误: 创建用户 A00688 失败 - Authentication failed, see inner exception.
[2025-06-16 09:01:00] 错误: 创建用户 A02711 失败 - Authentication failed, see inner exception.
[2025-06-16 09:01:00] 错误: 创建用户 136298 失败 - Authentication failed, see inner exception.
[2025-06-16 09:01:00] 错误: 创建用户 134884 失败 - Authentication failed, see inner exception.
[2025-06-16 09:01:00] 错误: 创建用户 122062 失败 - Authentication failed, see inner exception.
[2025-06-16 09:01:00] 错误: 创建用户 135427 失败 - Authentication failed, see inner exception.
[2025-06-16 09:01:00] 错误: 创建用户 133483 失败 - Authentication failed, see inner exception.
[2025-06-16 09:01:00] 错误: 创建用户 125586 失败 - Authentication failed, see inner exception.
[2025-06-16 09:01:00] 错误: 创建用户 A07280 失败 - Authentication failed, see inner exception.
[2025-06-16 09:01:00] 错误: 创建用户 135519 失败 - Authentication failed, see inner exception.
[2025-06-16 09:01:00] 错误: 创建用户 111870 失败 - Authentication failed, see inner exception.
[2025-06-16 09:01:00] 错误: 创建用户 117535 失败 - Authentication failed, see inner exception.
[2025-06-16 09:01:00] 错误: 创建用户 112252 失败 - Authentication failed, see inner exception.
[2025-06-16 09:01:00] 错误: 创建用户 123796 失败 - Authentication failed, see inner exception.
[2025-06-16 09:01:00] 错误: 创建用户 112253 失败 - Authentication failed, see inner exception.
[2025-06-16 09:01:00] 错误: 创建用户 A02719 失败 - Authentication failed, see inner exception.
[2025-06-16 09:01:00] 错误: 创建用户 136118 失败 - Authentication failed, see inner exception.
[2025-06-16 09:01:00] 错误: 创建用户 125715 失败 - Authentication failed, see inner exception.
[2025-06-16 09:01:00] 错误: 创建用户 133438 失败 - Authentication failed, see inner exception.
[2025-06-16 09:01:01] 错误: 创建用户 133979 失败 - Authentication failed, see inner exception.
[2025-06-16 09:01:01] 错误: 创建用户 A06359 失败 - Authentication failed, see inner exception.
[2025-06-16 09:01:01] 错误: 创建用户 A00021 失败 - Authentication failed, see inner exception.
[2025-06-16 09:01:01] 错误: 创建用户 136038 失败 - Authentication failed, see inner exception.
[2025-06-16 09:01:01] 错误: 创建用户 116751 失败 - Authentication failed, see inner exception.
[2025-06-16 09:01:01] 错误: 创建用户 113890 失败 - Authentication failed, see inner exception.
[2025-06-16 09:01:01] 错误: 创建用户 113893 失败 - Authentication failed, see inner exception.
[2025-06-16 09:01:01] 错误: 创建用户 A07947 失败 - Authentication failed, see inner exception.
[2025-06-16 09:01:01] 错误: 创建用户 112059 失败 - Authentication failed, see inner exception.
[2025-06-16 09:01:01] 错误: 创建用户 120071 失败 - Authentication failed, see inner exception.
[2025-06-16 09:01:01] 错误: 创建用户 112939 失败 - Authentication failed, see inner exception.
[2025-06-16 09:01:01] 错误: 创建用户 126126 失败 - Authentication failed, see inner exception.
[2025-06-16 09:12:28] 错误: 创建用户 112896 失败 - 试图给目录添加一个名称已在使用中的对象。
[2025-06-16 09:32:21] 错误: 创建用户 111764 失败 - 指定的帐户已存在。
[2025-06-16 09:32:21] 错误: 创建用户 111869 失败 - 指定的帐户已存在。
[2025-06-16 09:32:21] 错误: 创建用户 111870 失败 - 指定的帐户已存在。
[2025-06-16 09:32:21] 错误: 创建用户 112059 失败 - 指定的帐户已存在。
[2025-06-16 09:32:21] 错误: 创建用户 112190 失败 - 指定的帐户已存在。
[2025-06-16 09:32:21] 错误: 创建用户 112252 失败 - 指定的帐户已存在。
[2025-06-16 09:32:21] 错误: 创建用户 112253 失败 - 指定的帐户已存在。
[2025-06-16 09:32:21] 错误: 创建用户 112318 失败 - 指定的帐户已存在。
[2025-06-16 09:32:21] 错误: 创建用户 112939 失败 - 指定的帐户已存在。
[2025-06-16 09:32:21] 错误: 创建用户 113494 失败 - 指定的帐户已存在。
[2025-06-16 09:32:21] 错误: 创建用户 113591 失败 - 指定的帐户已存在。
[2025-06-16 09:32:21] 错误: 创建用户 113890 失败 - 指定的帐户已存在。
[2025-06-16 09:32:21] 错误: 创建用户 113893 失败 - 指定的帐户已存在。
[2025-06-16 09:32:21] 错误: 创建用户 114279 失败 - 指定的帐户已存在。
[2025-06-16 09:32:21] 错误: 创建用户 116751 失败 - 指定的帐户已存在。
[2025-06-16 09:32:21] 错误: 创建用户 116823 失败 - 指定的帐户已存在。
[2025-06-16 09:32:21] 错误: 创建用户 117535 失败 - 指定的帐户已存在。
[2025-06-16 09:32:21] 错误: 创建用户 120071 失败 - 指定的帐户已存在。
[2025-06-16 09:32:21] 错误: 创建用户 122062 失败 - 指定的帐户已存在。
[2025-06-16 09:32:21] 错误: 创建用户 123796 失败 - 指定的帐户已存在。
[2025-06-16 09:32:22] 错误: 创建用户 125481 失败 - 指定的帐户已存在。
[2025-06-16 09:32:22] 错误: 创建用户 125586 失败 - 指定的帐户已存在。
[2025-06-16 09:32:22] 错误: 创建用户 125715 失败 - 指定的帐户已存在。
[2025-06-16 09:32:22] 错误: 创建用户 126126 失败 - 指定的帐户已存在。
[2025-06-16 09:32:22] 错误: 创建用户 130279 失败 - 指定的帐户已存在。
[2025-06-16 09:32:22] 错误: 创建用户 131065 失败 - 指定的帐户已存在。
[2025-06-16 09:32:22] 错误: 创建用户 132495 失败 - 指定的帐户已存在。
[2025-06-16 09:32:22] 错误: 创建用户 132748 失败 - 指定的帐户已存在。
[2025-06-16 09:32:22] 错误: 创建用户 132903 失败 - 指定的帐户已存在。
[2025-06-16 09:32:22] 错误: 创建用户 133034 失败 - 指定的帐户已存在。
[2025-06-16 09:32:22] 错误: 创建用户 133184 失败 - 指定的帐户已存在。
[2025-06-16 09:32:22] 错误: 创建用户 133438 失败 - 指定的帐户已存在。
[2025-06-16 09:32:22] 错误: 创建用户 133483 失败 - 指定的帐户已存在。
[2025-06-16 09:32:22] 错误: 创建用户 133567 失败 - 指定的帐户已存在。
[2025-06-16 09:32:22] 错误: 创建用户 133979 失败 - 指定的帐户已存在。
[2025-06-16 09:32:22] 错误: 创建用户 134086 失败 - 指定的帐户已存在。
[2025-06-16 09:32:22] 错误: 创建用户 134326 失败 - 指定的帐户已存在。
[2025-06-16 09:32:22] 错误: 创建用户 134582 失败 - 指定的帐户已存在。
[2025-06-16 09:32:22] 错误: 创建用户 134654 失败 - 指定的帐户已存在。
[2025-06-16 09:32:22] 错误: 创建用户 134672 失败 - 指定的帐户已存在。
[2025-06-16 09:32:22] 错误: 创建用户 134884 失败 - 指定的帐户已存在。
[2025-06-16 09:32:22] 错误: 创建用户 135427 失败 - 指定的帐户已存在。
[2025-06-16 09:32:22] 错误: 创建用户 135430 失败 - 指定的帐户已存在。
[2025-06-16 09:32:22] 错误: 创建用户 135519 失败 - 指定的帐户已存在。
[2025-06-16 09:32:22] 错误: 创建用户 135711 失败 - 指定的帐户已存在。
[2025-06-16 09:32:22] 错误: 创建用户 135818 失败 - 指定的帐户已存在。
[2025-06-16 09:32:22] 错误: 创建用户 136038 失败 - 指定的帐户已存在。
[2025-06-16 09:32:23] 错误: 创建用户 136067 失败 - 指定的帐户已存在。
[2025-06-16 09:32:23] 错误: 创建用户 136089 失败 - 指定的帐户已存在。
[2025-06-16 09:32:23] 错误: 创建用户 136118 失败 - 指定的帐户已存在。
[2025-06-16 09:32:23] 错误: 创建用户 136141 失败 - 指定的帐户已存在。
[2025-06-16 09:32:23] 错误: 创建用户 136298 失败 - 指定的帐户已存在。
[2025-06-16 09:32:23] 错误: 创建用户 A00021 失败 - 指定的帐户已存在。
[2025-06-16 09:32:23] 错误: 创建用户 A00118 失败 - 指定的帐户已存在。
[2025-06-16 09:32:23] 错误: 创建用户 A00688 失败 - 指定的帐户已存在。
[2025-06-16 09:32:23] 错误: 创建用户 A00820 失败 - 指定的帐户已存在。
[2025-06-16 09:32:23] 错误: 创建用户 A00914 失败 - 指定的帐户已存在。
[2025-06-16 09:32:23] 错误: 创建用户 A01151 失败 - 指定的帐户已存在。
[2025-06-16 09:32:23] 错误: 创建用户 A01242 失败 - 指定的帐户已存在。
[2025-06-16 09:32:23] 错误: 创建用户 A01362 失败 - 指定的帐户已存在。
[2025-06-16 09:32:23] 错误: 创建用户 A01767 失败 - 指定的帐户已存在。
[2025-06-16 09:32:23] 错误: 创建用户 A02043 失败 - 指定的帐户已存在。
[2025-06-16 09:32:23] 错误: 创建用户 A02452 失败 - 指定的帐户已存在。
[2025-06-16 09:32:23] 错误: 创建用户 A02711 失败 - 指定的帐户已存在。
[2025-06-16 09:32:23] 错误: 创建用户 A02719 失败 - 指定的帐户已存在。
[2025-06-16 09:32:23] 错误: 创建用户 A02937 失败 - 指定的帐户已存在。
[2025-06-16 09:32:23] 错误: 创建用户 A04337 失败 - 指定的帐户已存在。
[2025-06-16 09:32:23] 错误: 创建用户 A06359 失败 - 指定的帐户已存在。
[2025-06-16 09:32:23] 错误: 创建用户 A07280 失败 - 指定的帐户已存在。
[2025-06-16 09:32:24] 错误: 创建用户 A07947 失败 - 指定的帐户已存在。
[2025-06-16 09:32:24] 错误: 创建用户 A08121 失败 - 指定的帐户已存在。
[2025-06-16 09:32:24] 错误: 创建用户 JD190454 失败 - 指定的帐户已存在。
