{"Timestamp":"2025-07-31 11:38:37.130","ScriptVersion":"2.9","Level":"INFO","DomainUser":"mywind\\joindomain","Message":"脚本开始执行","AdditionalData":{"Category":"Initialization"},"ComputerName":"win11-24h2-pxe"}
{"Timestamp":"2025-07-31 11:38:37.162","ScriptVersion":"2.9","Level":"INFO","DomainUser":"mywind\\joindomain","Message":"网络连通性检测成功","AdditionalData":{"Category":"NetworkTest"},"ComputerName":"win11-24h2-pxe"}
{"Timestamp":"2025-07-31 11:38:37.185","ScriptVersion":"2.9","Level":"INFO","DomainUser":"mywind\\joindomain","Message":"成功连接到远程计算机: win11-24h2-pxe","AdditionalData":{"Category":"WmiConnection"},"ComputerName":"win11-24h2-pxe"}
{"Timestamp":"2025-07-31 11:38:37.959","ScriptVersion":"2.9","Level":"INFO","DomainUser":"mywind\\joindomain","Message":"成功收集远程计算机信息","AdditionalData":{"Category":"InfoCollection"},"ComputerName":"win11-24h2-pxe"}
{"Timestamp":"2025-07-31 11:38:37.972","ScriptVersion":"2.9","Level":"INFO","DomainUser":"mywind\\joindomain","Message":"开始添加域账户到Administrators组: mywind\\joindomain","AdditionalData":{"Category":"UserAddition"},"ComputerName":"win11-24h2-pxe"}
{"Timestamp":"2025-07-31 11:38:37.973","ScriptVersion":"2.9","Level":"INFO","DomainUser":"mywind\\joindomain","Message":"解析域用户信息 - 域: mywind, 用户名: joindomain","AdditionalData":{"Category":"UserAddition"},"ComputerName":"win11-24h2-pxe"}
{"Timestamp":"2025-07-31 11:38:38.048","ScriptVersion":"2.9","Level":"INFO","DomainUser":"mywind\\joindomain","Message":"成功添加域账户到Administrators组: mywind\\joindomain","AdditionalData":{"Category":"UserAddition"},"ComputerName":"win11-24h2-pxe"}
{"Timestamp":"2025-07-31 11:38:38.049","ScriptVersion":"2.9","Level":"INFO","DomainUser":"mywind\\joindomain","Message":"开始验证操作结果: mywind\\joindomain","AdditionalData":{"Category":"Verification"},"ComputerName":"win11-24h2-pxe"}
{"Timestamp":"2025-07-31 11:38:40.079","ScriptVersion":"2.9","Level":"INFO","DomainUser":"mywind\\joindomain","Message":"验证成功: 域账户现在是Administrators组成员: mywind\\joindomain","AdditionalData":{"Category":"Verification"},"ComputerName":"win11-24h2-pxe"}
{"Timestamp":"2025-07-31 11:38:40.083","ScriptVersion":"2.9","Level":"INFO","DomainUser":"mywind\\joindomain","Message":"脚本执行完成，总时长: 2.96 秒","AdditionalData":{"Category":"Completion"},"ComputerName":"win11-24h2-pxe"}
{"Timestamp":"2025-07-31 11:42:59.933","ScriptVersion":"2.9","Level":"INFO","DomainUser":"mywind\\joindomain","Message":"脚本开始执行","AdditionalData":{"Category":"Initialization"},"ComputerName":"win11-24h2-pxe"}
{"Timestamp":"2025-07-31 11:42:59.972","ScriptVersion":"2.9","Level":"INFO","DomainUser":"mywind\\joindomain","Message":"网络连通性检测成功","AdditionalData":{"Category":"NetworkTest"},"ComputerName":"win11-24h2-pxe"}
{"Timestamp":"2025-07-31 11:42:59.997","ScriptVersion":"2.9","Level":"INFO","DomainUser":"mywind\\joindomain","Message":"成功连接到远程计算机: win11-24h2-pxe","AdditionalData":{"Category":"WmiConnection"},"ComputerName":"win11-24h2-pxe"}
{"Timestamp":"2025-07-31 11:43:00.952","ScriptVersion":"2.9","Level":"INFO","DomainUser":"mywind\\joindomain","Message":"成功收集远程计算机信息","AdditionalData":{"Category":"InfoCollection"},"ComputerName":"win11-24h2-pxe"}
{"Timestamp":"2025-07-31 11:43:00.970","ScriptVersion":"2.9","Level":"INFO","DomainUser":"mywind\\joindomain","Message":"开始添加域账户到Administrators组: mywind\\joindomain","AdditionalData":{"Category":"UserAddition"},"ComputerName":"win11-24h2-pxe"}
{"Timestamp":"2025-07-31 11:43:00.971","ScriptVersion":"2.9","Level":"INFO","DomainUser":"mywind\\joindomain","Message":"解析域用户信息 - 域: mywind, 用户名: joindomain","AdditionalData":{"Category":"UserAddition"},"ComputerName":"win11-24h2-pxe"}
{"Timestamp":"2025-07-31 11:43:01.006","ScriptVersion":"2.9","Level":"ERROR","DomainUser":"mywind\\joindomain","Message":"ADSI方法执行失败: Exception calling \"Add\" with \"1\" argument(s): \"指定的帐户名已是此组的成员。\r\n\"","AdditionalData":{"Category":"UserAddition"},"ComputerName":"win11-24h2-pxe"}
{"Timestamp":"2025-07-31 11:43:01.014","ScriptVersion":"2.9","Level":"INFO","DomainUser":"mywind\\joindomain","Message":"脚本执行完成，总时长: 1.09 秒","AdditionalData":{"Category":"Completion"},"ComputerName":"win11-24h2-pxe"}
{"Timestamp":"2025-07-31 11:43:22.867","ScriptVersion":"2.9","Level":"INFO","DomainUser":"mywind\\joindomain","Message":"脚本开始执行","AdditionalData":{"Category":"Initialization"},"ComputerName":"win11-24h2-pxe"}
{"Timestamp":"2025-07-31 11:43:22.888","ScriptVersion":"2.9","Level":"INFO","DomainUser":"mywind\\joindomain","Message":"网络连通性检测成功","AdditionalData":{"Category":"NetworkTest"},"ComputerName":"win11-24h2-pxe"}
{"Timestamp":"2025-07-31 11:43:22.906","ScriptVersion":"2.9","Level":"INFO","DomainUser":"mywind\\joindomain","Message":"成功连接到远程计算机: win11-24h2-pxe","AdditionalData":{"Category":"WmiConnection"},"ComputerName":"win11-24h2-pxe"}
{"Timestamp":"2025-07-31 11:43:23.560","ScriptVersion":"2.9","Level":"INFO","DomainUser":"mywind\\joindomain","Message":"成功收集远程计算机信息","AdditionalData":{"Category":"InfoCollection"},"ComputerName":"win11-24h2-pxe"}
{"Timestamp":"2025-07-31 11:43:23.571","ScriptVersion":"2.9","Level":"INFO","DomainUser":"mywind\\joindomain","Message":"开始添加域账户到Administrators组: mywind\\joindomain","AdditionalData":{"Category":"UserAddition"},"ComputerName":"win11-24h2-pxe"}
{"Timestamp":"2025-07-31 11:43:23.572","ScriptVersion":"2.9","Level":"INFO","DomainUser":"mywind\\joindomain","Message":"解析域用户信息 - 域: mywind, 用户名: joindomain","AdditionalData":{"Category":"UserAddition"},"ComputerName":"win11-24h2-pxe"}
{"Timestamp":"2025-07-31 11:43:23.616","ScriptVersion":"2.9","Level":"INFO","DomainUser":"mywind\\joindomain","Message":"成功添加域账户到Administrators组: mywind\\joindomain","AdditionalData":{"Category":"UserAddition"},"ComputerName":"win11-24h2-pxe"}
{"Timestamp":"2025-07-31 11:43:23.620","ScriptVersion":"2.9","Level":"INFO","DomainUser":"mywind\\joindomain","Message":"开始验证操作结果: mywind\\joindomain","AdditionalData":{"Category":"Verification"},"ComputerName":"win11-24h2-pxe"}
{"Timestamp":"2025-07-31 11:43:25.649","ScriptVersion":"2.9","Level":"INFO","DomainUser":"mywind\\joindomain","Message":"验证成功: 域账户现在是Administrators组成员: mywind\\joindomain","AdditionalData":{"Category":"Verification"},"ComputerName":"win11-24h2-pxe"}
{"Timestamp":"2025-07-31 11:43:25.653","ScriptVersion":"2.9","Level":"INFO","DomainUser":"mywind\\joindomain","Message":"脚本执行完成，总时长: 2.79 秒","AdditionalData":{"Category":"Completion"},"ComputerName":"win11-24h2-pxe"}
{"Timestamp":"2025-07-31 11:50:31.869","ScriptVersion":"3.2","Level":"INFO","DomainUser":"mywind\\joindomain","Message":"脚本开始执行","AdditionalData":{"Category":"Initialization"},"ComputerName":"win11-24h2-pxe"}
{"Timestamp":"2025-07-31 11:50:31.918","ScriptVersion":"3.2","Level":"INFO","DomainUser":"mywind\\joindomain","Message":"网络连通性检测成功","AdditionalData":{"Category":"NetworkTest"},"ComputerName":"win11-24h2-pxe"}
{"Timestamp":"2025-07-31 11:50:31.943","ScriptVersion":"3.2","Level":"INFO","DomainUser":"mywind\\joindomain","Message":"成功连接到远程计算机: win11-24h2-pxe","AdditionalData":{"Category":"WmiConnection"},"ComputerName":"win11-24h2-pxe"}
{"Timestamp":"2025-07-31 11:50:32.950","ScriptVersion":"3.2","Level":"INFO","DomainUser":"mywind\\joindomain","Message":"成功收集远程计算机信息","AdditionalData":{"Category":"InfoCollection"},"ComputerName":"win11-24h2-pxe"}
{"Timestamp":"2025-07-31 11:50:32.975","ScriptVersion":"3.2","Level":"INFO","DomainUser":"mywind\\joindomain","Message":"开始添加域账户到Administrators组: mywind\\joindomain","AdditionalData":{"Category":"UserAddition"},"ComputerName":"win11-24h2-pxe"}
{"Timestamp":"2025-07-31 11:50:32.976","ScriptVersion":"3.2","Level":"INFO","DomainUser":"mywind\\joindomain","Message":"解析域用户信息 - 域: mywind, 用户名: joindomain","AdditionalData":{"Category":"UserAddition"},"ComputerName":"win11-24h2-pxe"}
{"Timestamp":"2025-07-31 11:50:33.046","ScriptVersion":"3.2","Level":"INFO","DomainUser":"mywind\\joindomain","Message":"成功添加域账户到Administrators组: mywind\\joindomain","AdditionalData":{"Category":"UserAddition"},"ComputerName":"win11-24h2-pxe"}
{"Timestamp":"2025-07-31 11:50:33.055","ScriptVersion":"3.2","Level":"INFO","DomainUser":"mywind\\joindomain","Message":"开始验证操作结果: mywind\\joindomain","AdditionalData":{"Category":"Verification"},"ComputerName":"win11-24h2-pxe"}
{"Timestamp":"2025-07-31 11:50:35.090","ScriptVersion":"3.2","Level":"INFO","DomainUser":"mywind\\joindomain","Message":"验证成功: 域账户现在是Administrators组成员: mywind\\joindomain","AdditionalData":{"Category":"Verification"},"ComputerName":"win11-24h2-pxe"}
{"Timestamp":"2025-07-31 11:50:35.100","ScriptVersion":"3.2","Level":"INFO","DomainUser":"mywind\\joindomain","Message":"脚本执行完成，总时长: 3.24 秒","AdditionalData":{"Category":"Completion"},"ComputerName":"win11-24h2-pxe"}
{"Timestamp":"2025-07-31 11:51:02.762","ScriptVersion":"3.2","Level":"INFO","DomainUser":"mywind\\joindomain","Message":"脚本开始执行","AdditionalData":{"Category":"Initialization"},"ComputerName":"192.168.124.15"}
{"Timestamp":"2025-07-31 11:51:02.777","ScriptVersion":"3.2","Level":"INFO","DomainUser":"mywind\\joindomain","Message":"网络连通性检测成功","AdditionalData":{"Category":"NetworkTest"},"ComputerName":"192.168.124.15"}
{"Timestamp":"2025-07-31 11:51:02.803","ScriptVersion":"3.2","Level":"INFO","DomainUser":"mywind\\joindomain","Message":"成功连接到远程计算机: 192.168.124.15","AdditionalData":{"Category":"WmiConnection"},"ComputerName":"192.168.124.15"}
{"Timestamp":"2025-07-31 11:51:03.476","ScriptVersion":"3.2","Level":"INFO","DomainUser":"mywind\\joindomain","Message":"成功收集远程计算机信息","AdditionalData":{"Category":"InfoCollection"},"ComputerName":"192.168.124.15"}
{"Timestamp":"2025-07-31 11:51:03.487","ScriptVersion":"3.2","Level":"INFO","DomainUser":"mywind\\joindomain","Message":"开始添加域账户到Administrators组: mywind\\joindomain","AdditionalData":{"Category":"UserAddition"},"ComputerName":"192.168.124.15"}
{"Timestamp":"2025-07-31 11:51:03.488","ScriptVersion":"3.2","Level":"INFO","DomainUser":"mywind\\joindomain","Message":"解析域用户信息 - 域: mywind, 用户名: joindomain","AdditionalData":{"Category":"UserAddition"},"ComputerName":"192.168.124.15"}
{"Timestamp":"2025-07-31 11:51:03.706","ScriptVersion":"3.2","Level":"INFO","DomainUser":"mywind\\joindomain","Message":"成功添加域账户到Administrators组: mywind\\joindomain","AdditionalData":{"Category":"UserAddition"},"ComputerName":"192.168.124.15"}
{"Timestamp":"2025-07-31 11:51:03.707","ScriptVersion":"3.2","Level":"INFO","DomainUser":"mywind\\joindomain","Message":"开始验证操作结果: mywind\\joindomain","AdditionalData":{"Category":"Verification"},"ComputerName":"192.168.124.15"}
{"Timestamp":"2025-07-31 11:51:05.743","ScriptVersion":"3.2","Level":"INFO","DomainUser":"mywind\\joindomain","Message":"验证成功: 域账户现在是Administrators组成员: mywind\\joindomain","AdditionalData":{"Category":"Verification"},"ComputerName":"192.168.124.15"}
{"Timestamp":"2025-07-31 11:51:05.747","ScriptVersion":"3.2","Level":"INFO","DomainUser":"mywind\\joindomain","Message":"脚本执行完成，总时长: 2.99 秒","AdditionalData":{"Category":"Completion"},"ComputerName":"192.168.124.15"}
{"Timestamp":"2025-07-31 11:51:26.288","ScriptVersion":"3.2","Level":"INFO","DomainUser":"mywind\\joindomain","Message":"脚本开始执行","AdditionalData":{"Category":"Initialization"},"ComputerName":"win11-24h2-pxe.mywind.com.cn"}
{"Timestamp":"2025-07-31 11:51:26.308","ScriptVersion":"3.2","Level":"INFO","DomainUser":"mywind\\joindomain","Message":"网络连通性检测成功","AdditionalData":{"Category":"NetworkTest"},"ComputerName":"win11-24h2-pxe.mywind.com.cn"}
{"Timestamp":"2025-07-31 11:51:26.328","ScriptVersion":"3.2","Level":"INFO","DomainUser":"mywind\\joindomain","Message":"成功连接到远程计算机: win11-24h2-pxe.mywind.com.cn","AdditionalData":{"Category":"WmiConnection"},"ComputerName":"win11-24h2-pxe.mywind.com.cn"}
{"Timestamp":"2025-07-31 11:51:27.101","ScriptVersion":"3.2","Level":"INFO","DomainUser":"mywind\\joindomain","Message":"成功收集远程计算机信息","AdditionalData":{"Category":"InfoCollection"},"ComputerName":"win11-24h2-pxe.mywind.com.cn"}
{"Timestamp":"2025-07-31 11:51:27.115","ScriptVersion":"3.2","Level":"INFO","DomainUser":"mywind\\joindomain","Message":"开始添加域账户到Administrators组: mywind\\joindomain","AdditionalData":{"Category":"UserAddition"},"ComputerName":"win11-24h2-pxe.mywind.com.cn"}
{"Timestamp":"2025-07-31 11:51:27.116","ScriptVersion":"3.2","Level":"INFO","DomainUser":"mywind\\joindomain","Message":"解析域用户信息 - 域: mywind, 用户名: joindomain","AdditionalData":{"Category":"UserAddition"},"ComputerName":"win11-24h2-pxe.mywind.com.cn"}
{"Timestamp":"2025-07-31 11:51:27.154","ScriptVersion":"3.2","Level":"INFO","DomainUser":"mywind\\joindomain","Message":"成功添加域账户到Administrators组: mywind\\joindomain","AdditionalData":{"Category":"UserAddition"},"ComputerName":"win11-24h2-pxe.mywind.com.cn"}
{"Timestamp":"2025-07-31 11:51:27.157","ScriptVersion":"3.2","Level":"INFO","DomainUser":"mywind\\joindomain","Message":"开始验证操作结果: mywind\\joindomain","AdditionalData":{"Category":"Verification"},"ComputerName":"win11-24h2-pxe.mywind.com.cn"}
{"Timestamp":"2025-07-31 11:51:29.203","ScriptVersion":"3.2","Level":"INFO","DomainUser":"mywind\\joindomain","Message":"验证成功: 域账户现在是Administrators组成员: mywind\\joindomain","AdditionalData":{"Category":"Verification"},"ComputerName":"win11-24h2-pxe.mywind.com.cn"}
{"Timestamp":"2025-07-31 11:51:29.206","ScriptVersion":"3.2","Level":"INFO","DomainUser":"mywind\\joindomain","Message":"脚本执行完成，总时长: 2.93 秒","AdditionalData":{"Category":"Completion"},"ComputerName":"win11-24h2-pxe.mywind.com.cn"}
